<?xml version="1.0" encoding="UTF-8"?>
<testsuite name="com.mindex.challenge.service.impl.CompensationServiceImplTest" tests="1" skipped="0" failures="0" errors="0" timestamp="2022-11-12T19:38:39" hostname="MacBook-Pro.local" time="0.51">
  <properties/>
  <testcase name="testCreateReadCompensation" classname="com.mindex.challenge.service.impl.CompensationServiceImplTest" time="0.51"/>
  <system-out><![CDATA[14:38:36.150 [Test worker] DEBUG org.springframework.test.context.junit4.SpringJUnit4ClassRunner - SpringJUnit4ClassRunner constructor called with [class com.mindex.challenge.service.impl.CompensationServiceImplTest]
14:38:36.157 [Test worker] DEBUG org.springframework.test.context.BootstrapUtils - Instantiating CacheAwareContextLoaderDelegate from class [org.springframework.test.context.cache.DefaultCacheAwareContextLoaderDelegate]
14:38:36.163 [Test worker] DEBUG org.springframework.test.context.BootstrapUtils - Instantiating BootstrapContext using constructor [public org.springframework.test.context.support.DefaultBootstrapContext(java.lang.Class,org.springframework.test.context.CacheAwareContextLoaderDelegate)]
14:38:36.188 [Test worker] DEBUG org.springframework.test.context.BootstrapUtils - Instantiating TestContextBootstrapper for test class [com.mindex.challenge.service.impl.CompensationServiceImplTest] from class [org.springframework.boot.test.context.SpringBootTestContextBootstrapper]
14:38:36.200 [Test worker] INFO org.springframework.boot.test.context.SpringBootTestContextBootstrapper - Neither @ContextConfiguration nor @ContextHierarchy found for test class [com.mindex.challenge.service.impl.CompensationServiceImplTest], using SpringBootContextLoader
14:38:36.204 [Test worker] DEBUG org.springframework.test.context.support.AbstractContextLoader - Did not detect default resource location for test class [com.mindex.challenge.service.impl.CompensationServiceImplTest]: class path resource [com/mindex/challenge/service/impl/CompensationServiceImplTest-context.xml] does not exist
14:38:36.205 [Test worker] DEBUG org.springframework.test.context.support.AbstractContextLoader - Did not detect default resource location for test class [com.mindex.challenge.service.impl.CompensationServiceImplTest]: class path resource [com/mindex/challenge/service/impl/CompensationServiceImplTestContext.groovy] does not exist
14:38:36.205 [Test worker] INFO org.springframework.test.context.support.AbstractContextLoader - Could not detect default resource locations for test class [com.mindex.challenge.service.impl.CompensationServiceImplTest]: no resource found for suffixes {-context.xml, Context.groovy}.
14:38:36.205 [Test worker] INFO org.springframework.test.context.support.AnnotationConfigContextLoaderUtils - Could not detect default configuration classes for test class [com.mindex.challenge.service.impl.CompensationServiceImplTest]: CompensationServiceImplTest does not declare any static, non-private, non-final, nested classes annotated with @Configuration.
14:38:36.249 [Test worker] DEBUG org.springframework.test.context.support.ActiveProfilesUtils - Could not find an 'annotation declaring class' for annotation type [org.springframework.test.context.ActiveProfiles] and class [com.mindex.challenge.service.impl.CompensationServiceImplTest]
14:38:36.318 [Test worker] DEBUG org.springframework.context.annotation.ClassPathScanningCandidateComponentProvider - Identified candidate component class: file [/Users/qixiang/TestMind/Java-Coding-Challenge/build/classes/java/main/com/mindex/challenge/ChallengeApplication.class]
14:38:36.320 [Test worker] INFO org.springframework.boot.test.context.SpringBootTestContextBootstrapper - Found @SpringBootConfiguration com.mindex.challenge.ChallengeApplication for test class com.mindex.challenge.service.impl.CompensationServiceImplTest
14:38:36.387 [Test worker] DEBUG org.springframework.boot.test.context.SpringBootTestContextBootstrapper - @TestExecutionListeners is not present for class [com.mindex.challenge.service.impl.CompensationServiceImplTest]: using defaults.
14:38:36.388 [Test worker] INFO org.springframework.boot.test.context.SpringBootTestContextBootstrapper - Loaded default TestExecutionListener class names from location [META-INF/spring.factories]: [org.springframework.boot.test.autoconfigure.restdocs.RestDocsTestExecutionListener, org.springframework.boot.test.autoconfigure.web.client.MockRestServiceServerResetTestExecutionListener, org.springframework.boot.test.autoconfigure.web.servlet.MockMvcPrintOnlyOnFailureTestExecutionListener, org.springframework.boot.test.autoconfigure.web.servlet.WebDriverTestExecutionListener, org.springframework.boot.test.mock.mockito.MockitoTestExecutionListener, org.springframework.boot.test.mock.mockito.ResetMocksTestExecutionListener, org.springframework.test.context.web.ServletTestExecutionListener, org.springframework.test.context.support.DirtiesContextBeforeModesTestExecutionListener, org.springframework.test.context.support.DependencyInjectionTestExecutionListener, org.springframework.test.context.support.DirtiesContextTestExecutionListener, org.springframework.test.context.transaction.TransactionalTestExecutionListener, org.springframework.test.context.jdbc.SqlScriptsTestExecutionListener, org.springframework.test.context.event.EventPublishingTestExecutionListener]
14:38:36.400 [Test worker] INFO org.springframework.boot.test.context.SpringBootTestContextBootstrapper - Using TestExecutionListeners: [org.springframework.test.context.web.ServletTestExecutionListener@76b76963, org.springframework.test.context.support.DirtiesContextBeforeModesTestExecutionListener@76f7cd4c, org.springframework.boot.test.mock.mockito.MockitoTestExecutionListener@20abf0f0, org.springframework.boot.test.autoconfigure.SpringBootDependencyInjectionTestExecutionListener@42577f97, org.springframework.test.context.support.DirtiesContextTestExecutionListener@fe6facf, org.springframework.test.context.transaction.TransactionalTestExecutionListener@47b3cbd2, org.springframework.test.context.jdbc.SqlScriptsTestExecutionListener@38e08fa4, org.springframework.test.context.event.EventPublishingTestExecutionListener@41b2f4e8, org.springframework.boot.test.autoconfigure.restdocs.RestDocsTestExecutionListener@79ba4e93, org.springframework.boot.test.autoconfigure.web.client.MockRestServiceServerResetTestExecutionListener@200ef72d, org.springframework.boot.test.autoconfigure.web.servlet.MockMvcPrintOnlyOnFailureTestExecutionListener@1c2fc127, org.springframework.boot.test.autoconfigure.web.servlet.WebDriverTestExecutionListener@4aec73fe, org.springframework.boot.test.mock.mockito.ResetMocksTestExecutionListener@618962e6]
14:38:36.404 [Test worker] DEBUG org.springframework.test.annotation.ProfileValueUtils - Retrieved @ProfileValueSourceConfiguration [null] for test class [com.mindex.challenge.service.impl.CompensationServiceImplTest]
14:38:36.404 [Test worker] DEBUG org.springframework.test.annotation.ProfileValueUtils - Retrieved ProfileValueSource type [class org.springframework.test.annotation.SystemProfileValueSource] for class [com.mindex.challenge.service.impl.CompensationServiceImplTest]
14:38:36.406 [Test worker] DEBUG org.springframework.test.annotation.ProfileValueUtils - Retrieved @ProfileValueSourceConfiguration [null] for test class [com.mindex.challenge.service.impl.CompensationServiceImplTest]
14:38:36.406 [Test worker] DEBUG org.springframework.test.annotation.ProfileValueUtils - Retrieved ProfileValueSource type [class org.springframework.test.annotation.SystemProfileValueSource] for class [com.mindex.challenge.service.impl.CompensationServiceImplTest]
14:38:36.407 [Test worker] DEBUG org.springframework.test.annotation.ProfileValueUtils - Retrieved @ProfileValueSourceConfiguration [null] for test class [com.mindex.challenge.service.impl.CompensationServiceImplTest]
14:38:36.407 [Test worker] DEBUG org.springframework.test.annotation.ProfileValueUtils - Retrieved ProfileValueSource type [class org.springframework.test.annotation.SystemProfileValueSource] for class [com.mindex.challenge.service.impl.CompensationServiceImplTest]
14:38:36.410 [Test worker] DEBUG org.springframework.test.context.support.AbstractDirtiesContextTestExecutionListener - Before test class: context [DefaultTestContext@34e304cb testClass = CompensationServiceImplTest, testInstance = [null], testMethod = [null], testException = [null], mergedContextConfiguration = [WebMergedContextConfiguration@3f210fdd testClass = CompensationServiceImplTest, locations = '{}', classes = '{class com.mindex.challenge.ChallengeApplication}', contextInitializerClasses = '[]', activeProfiles = '{}', propertySourceLocations = '{}', propertySourceProperties = '{org.springframework.boot.test.context.SpringBootTestContextBootstrapper=true, server.port=0}', contextCustomizers = set[org.springframework.boot.test.autoconfigure.properties.PropertyMappingContextCustomizer@0, org.springframework.boot.test.autoconfigure.web.servlet.WebDriverContextCustomizerFactory$Customizer@1445592d, org.springframework.boot.test.context.filter.ExcludeFilterContextCustomizer@3490e906, org.springframework.boot.test.json.DuplicateJsonObjectContextCustomizerFactory$DuplicateJsonObjectContextCustomizer@2b49cafc, org.springframework.boot.test.mock.mockito.MockitoContextCustomizer@0, org.springframework.boot.test.web.client.TestRestTemplateContextCustomizer@37c3c4c1], resourceBasePath = 'src/main/webapp', contextLoader = 'org.springframework.boot.test.context.SpringBootContextLoader', parent = [null]], attributes = map['org.springframework.test.context.web.ServletTestExecutionListener.activateListener' -> false]], class annotated with @DirtiesContext [false] with mode [null].
14:38:36.411 [Test worker] DEBUG org.springframework.test.annotation.ProfileValueUtils - Retrieved @ProfileValueSourceConfiguration [null] for test class [com.mindex.challenge.service.impl.CompensationServiceImplTest]
14:38:36.411 [Test worker] DEBUG org.springframework.test.annotation.ProfileValueUtils - Retrieved ProfileValueSource type [class org.springframework.test.annotation.SystemProfileValueSource] for class [com.mindex.challenge.service.impl.CompensationServiceImplTest]
14:38:36.415 [Test worker] DEBUG org.springframework.test.context.support.DependencyInjectionTestExecutionListener - Performing dependency injection for test context [[DefaultTestContext@34e304cb testClass = CompensationServiceImplTest, testInstance = com.mindex.challenge.service.impl.CompensationServiceImplTest@61740e6b, testMethod = [null], testException = [null], mergedContextConfiguration = [WebMergedContextConfiguration@3f210fdd testClass = CompensationServiceImplTest, locations = '{}', classes = '{class com.mindex.challenge.ChallengeApplication}', contextInitializerClasses = '[]', activeProfiles = '{}', propertySourceLocations = '{}', propertySourceProperties = '{org.springframework.boot.test.context.SpringBootTestContextBootstrapper=true, server.port=0}', contextCustomizers = set[org.springframework.boot.test.autoconfigure.properties.PropertyMappingContextCustomizer@0, org.springframework.boot.test.autoconfigure.web.servlet.WebDriverContextCustomizerFactory$Customizer@1445592d, org.springframework.boot.test.context.filter.ExcludeFilterContextCustomizer@3490e906, org.springframework.boot.test.json.DuplicateJsonObjectContextCustomizerFactory$DuplicateJsonObjectContextCustomizer@2b49cafc, org.springframework.boot.test.mock.mockito.MockitoContextCustomizer@0, org.springframework.boot.test.web.client.TestRestTemplateContextCustomizer@37c3c4c1], resourceBasePath = 'src/main/webapp', contextLoader = 'org.springframework.boot.test.context.SpringBootContextLoader', parent = [null]], attributes = map['org.springframework.test.context.web.ServletTestExecutionListener.activateListener' -> false]]].
14:38:36.433 [Test worker] DEBUG org.springframework.test.context.support.TestPropertySourceUtils - Adding inlined properties to environment: {spring.jmx.enabled=false, org.springframework.boot.test.context.SpringBootTestContextBootstrapper=true, server.port=0}

  .   ____          _            __ _ _
 /\\ / ___'_ __ _ _(_)_ __  __ _ \ \ \ \
( ( )\___ | '_ | '_| | '_ \/ _` | \ \ \ \
 \\/  ___)| |_)| | | | | || (_| |  ) ) ) )
  '  |____| .__|_| |_|_| |_\__, | / / / /
 =========|_|==============|___/=/_/_/_/
 :: Spring Boot ::        (v2.2.0.RELEASE)

2022-11-12 14:38:36.683  INFO 10751 --- [    Test worker] c.m.c.s.i.CompensationServiceImplTest    : Starting CompensationServiceImplTest on MacBook-Pro.local with PID 10751 (started by qixiang in /Users/qixiang/TestMind/Java-Coding-Challenge)
2022-11-12 14:38:36.684 DEBUG 10751 --- [    Test worker] c.m.c.s.i.CompensationServiceImplTest    : Running with Spring Boot v2.2.0.RELEASE, Spring v5.2.0.RELEASE
2022-11-12 14:38:36.685  INFO 10751 --- [    Test worker] c.m.c.s.i.CompensationServiceImplTest    : No active profile set, falling back to default profiles: default
2022-11-12 14:38:37.033  INFO 10751 --- [    Test worker] .s.d.r.c.RepositoryConfigurationDelegate : Bootstrapping Spring Data repositories in DEFAULT mode.
2022-11-12 14:38:37.093  INFO 10751 --- [    Test worker] .s.d.r.c.RepositoryConfigurationDelegate : Finished Spring Data repository scanning in 51ms. Found 2 repository interfaces.
2022-11-12 14:38:37.704  INFO 10751 --- [    Test worker] o.s.b.w.embedded.tomcat.TomcatWebServer  : Tomcat initialized with port(s): 0 (http)
2022-11-12 14:38:37.713  INFO 10751 --- [    Test worker] o.apache.catalina.core.StandardService   : Starting service [Tomcat]
2022-11-12 14:38:37.714  INFO 10751 --- [    Test worker] org.apache.catalina.core.StandardEngine  : Starting Servlet engine: [Apache Tomcat/9.0.27]
2022-11-12 14:38:37.793  INFO 10751 --- [    Test worker] o.a.c.c.C.[Tomcat].[localhost].[/]       : Initializing Spring embedded WebApplicationContext
2022-11-12 14:38:37.793  INFO 10751 --- [    Test worker] o.s.web.context.ContextLoader            : Root WebApplicationContext: initialization completed in 1086 ms
2022-11-12 14:38:38.048  INFO 10751 --- [    Test worker] de.bwaldvogel.mongo.MongoServer          : started MongoServer(port: 62867, ssl: false)
2022-11-12 14:38:38.106  INFO 10751 --- [    Test worker] org.mongodb.driver.cluster               : Cluster created with settings {hosts=[127.0.0.1:62867], mode=SINGLE, requiredClusterType=UNKNOWN, serverSelectionTimeout='30000 ms', maxWaitQueueSize=500}
2022-11-12 14:38:38.159  INFO 10751 --- [-server-worker1] d.b.mongo.wire.MongoWireProtocolHandler  : client [id: 0xa128e349, L:/127.0.0.1:62867 - R:/127.0.0.1:62868] connected
2022-11-12 14:38:38.212  WARN 10751 --- [    Test worker] o.s.data.convert.CustomConversions       : Registering converter from class java.time.LocalDateTime to class java.time.Instant as reading converter although it doesn't convert from a store-supported type! You might wanna check you annotation setup at the converter implementation.
2022-11-12 14:38:38.212  WARN 10751 --- [    Test worker] o.s.data.convert.CustomConversions       : Registering converter from class java.time.Instant to class java.time.LocalDateTime as reading converter although it doesn't convert from a store-supported type! You might wanna check you annotation setup at the converter implementation.
2022-11-12 14:38:38.217  INFO 10751 --- [127.0.0.1:62867] org.mongodb.driver.connection            : Opened connection [connectionId{localValue:1}] to 127.0.0.1:62867
2022-11-12 14:38:38.217  WARN 10751 --- [    Test worker] o.s.data.convert.CustomConversions       : Registering converter from class java.time.LocalDateTime to class java.time.Instant as reading converter although it doesn't convert from a store-supported type! You might wanna check you annotation setup at the converter implementation.
2022-11-12 14:38:38.217  WARN 10751 --- [    Test worker] o.s.data.convert.CustomConversions       : Registering converter from class java.time.Instant to class java.time.LocalDateTime as reading converter although it doesn't convert from a store-supported type! You might wanna check you annotation setup at the converter implementation.
2022-11-12 14:38:38.221  INFO 10751 --- [127.0.0.1:62867] org.mongodb.driver.cluster               : Monitor thread successfully connected to server with description ServerDescription{address=127.0.0.1:62867, type=STANDALONE, state=CONNECTED, ok=true, version=ServerVersion{versionList=[3, 0, 0]}, minWireVersion=0, maxWireVersion=2, maxDocumentSize=16777216, logicalSessionTimeoutMinutes=null, roundTripTimeNanos=2436017}
2022-11-12 14:38:38.540  INFO 10751 --- [-server-worker2] d.b.mongo.wire.MongoWireProtocolHandler  : client [id: 0xf0b7e082, L:/127.0.0.1:62867 - R:/127.0.0.1:62869] connected
2022-11-12 14:38:38.552  INFO 10751 --- [    Test worker] org.mongodb.driver.connection            : Opened connection [connectionId{localValue:2}] to 127.0.0.1:62867
2022-11-12 14:38:38.570  INFO 10751 --- [-server-worker2] d.b.mongo.backend.AbstractMongoBackend   : created database test
2022-11-12 14:38:38.578  INFO 10751 --- [-server-worker2] d.b.mongo.backend.AbstractMongoDatabase  : adding unique _id index for collection employee
2022-11-12 14:38:38.580  INFO 10751 --- [-server-worker2] d.b.mongo.backend.AbstractMongoDatabase  : created collection test.employee
2022-11-12 14:38:38.781  INFO 10751 --- [    Test worker] o.s.s.concurrent.ThreadPoolTaskExecutor  : Initializing ExecutorService 'applicationTaskExecutor'
2022-11-12 14:38:38.930  WARN 10751 --- [    Test worker] o.s.data.convert.CustomConversions       : Registering converter from class java.time.LocalDateTime to class java.time.Instant as reading converter although it doesn't convert from a store-supported type! You might wanna check you annotation setup at the converter implementation.
2022-11-12 14:38:38.930  WARN 10751 --- [    Test worker] o.s.data.convert.CustomConversions       : Registering converter from class java.time.Instant to class java.time.LocalDateTime as reading converter although it doesn't convert from a store-supported type! You might wanna check you annotation setup at the converter implementation.
2022-11-12 14:38:38.946  WARN 10751 --- [    Test worker] o.s.data.convert.CustomConversions       : Registering converter from class java.time.LocalDateTime to class java.time.Instant as reading converter although it doesn't convert from a store-supported type! You might wanna check you annotation setup at the converter implementation.
2022-11-12 14:38:38.947  WARN 10751 --- [    Test worker] o.s.data.convert.CustomConversions       : Registering converter from class java.time.Instant to class java.time.LocalDateTime as reading converter although it doesn't convert from a store-supported type! You might wanna check you annotation setup at the converter implementation.
2022-11-12 14:38:39.023  INFO 10751 --- [    Test worker] o.s.b.w.embedded.tomcat.TomcatWebServer  : Tomcat started on port(s): 62870 (http) with context path ''
2022-11-12 14:38:39.026  INFO 10751 --- [    Test worker] c.m.c.s.i.CompensationServiceImplTest    : Started CompensationServiceImplTest in 2.589 seconds (JVM running for 3.473)
2022-11-12 14:38:39.362  INFO 10751 --- [o-auto-1-exec-1] o.a.c.c.C.[Tomcat].[localhost].[/]       : Initializing Spring DispatcherServlet 'dispatcherServlet'
2022-11-12 14:38:39.363  INFO 10751 --- [o-auto-1-exec-1] o.s.web.servlet.DispatcherServlet        : Initializing Servlet 'dispatcherServlet'
2022-11-12 14:38:39.378  INFO 10751 --- [o-auto-1-exec-1] o.s.web.servlet.DispatcherServlet        : Completed initialization in 15 ms
2022-11-12 14:38:39.405 DEBUG 10751 --- [o-auto-1-exec-1] c.m.c.controller.EmployeeController      : Received employee create request for id [16a596ae-edd3-4847-99fe-c4518e82c86f]
2022-11-12 14:38:39.405 DEBUG 10751 --- [o-auto-1-exec-1] c.m.c.service.impl.EmployeeServiceImpl   : Creating employee with id [16a596ae-edd3-4847-99fe-c4518e82c86f]
2022-11-12 14:38:39.518 DEBUG 10751 --- [o-auto-1-exec-2] c.m.c.controller.CompensationController  : Received compensation create request for [com.mindex.challenge.data.Compensation@72543087]
2022-11-12 14:38:39.518 DEBUG 10751 --- [o-auto-1-exec-2] c.m.c.s.impl.CompensationServiceImpl     : Creating compensation [com.mindex.challenge.data.Compensation@72543087]
2022-11-12 14:38:39.526  INFO 10751 --- [-server-worker2] d.b.mongo.backend.AbstractMongoDatabase  : adding unique _id index for collection compensation
2022-11-12 14:38:39.526  INFO 10751 --- [-server-worker2] d.b.mongo.backend.AbstractMongoDatabase  : created collection test.compensation
2022-11-12 14:38:39.532 DEBUG 10751 --- [o-auto-1-exec-3] c.m.c.controller.CompensationController  : Received compensation create request for id [16a596ae-edd3-4847-99fe-c4518e82c86f]
2022-11-12 14:38:39.532 DEBUG 10751 --- [o-auto-1-exec-3] c.m.c.s.impl.CompensationServiceImpl     : Getting compensation with id [16a596ae-edd3-4847-99fe-c4518e82c86f]
]]></system-out>
  <system-err><![CDATA[]]></system-err>
</testsuite>
